<?xml version="1.0" encoding="UTF-8"?>
<coverage generated="1755225548720" clover="3.2.0">
  <project timestamp="1755225548720" name="All files">
    <metrics statements="24" coveredstatements="10" conditionals="10" coveredconditionals="3" methods="7" coveredmethods="4" elements="41" coveredelements="17" complexity="0" loc="24" ncloc="24" packages="1" files="1" classes="1"/>
    <file name="sql.js" path="C:\Users\Riley\Desktop\Portfolio\JoinUs\sql.js">
      <metrics statements="24" coveredstatements="10" conditionals="10" coveredconditionals="3" methods="7" coveredmethods="4"/>
      <line num="2" count="1" type="stmt"/>
      <line num="6" count="1" type="cond" truecount="1" falsecount="1"/>
      <line num="7" count="1" type="stmt"/>
      <line num="8" count="1" type="stmt"/>
      <line num="13" count="1" type="stmt"/>
      <line num="22" count="0" type="cond" truecount="0" falsecount="2"/>
      <line num="23" count="0" type="stmt"/>
      <line num="28" count="1" type="stmt"/>
      <line num="32" count="2" type="cond" truecount="1" falsecount="1"/>
      <line num="33" count="0" type="stmt"/>
      <line num="35" count="2" type="stmt"/>
      <line num="41" count="1" type="stmt"/>
      <line num="43" count="1" type="cond" truecount="1" falsecount="1"/>
      <line num="45" count="0" type="stmt"/>
      <line num="46" count="0" type="stmt"/>
      <line num="47" count="0" type="stmt"/>
      <line num="49" count="0" type="stmt"/>
      <line num="50" count="0" type="stmt"/>
      <line num="51" count="0" type="stmt"/>
      <line num="52" count="0" type="stmt"/>
      <line num="55" count="0" type="stmt"/>
      <line num="56" count="0" type="cond" truecount="0" falsecount="2"/>
      <line num="57" count="0" type="stmt"/>
      <line num="59" count="0" type="stmt"/>
    </file>
  </project>
</coverage>
