{"C:\\Users\\Riley\\Desktop\\Portfolio\\JoinUs\\sql.js": {"path":"C:\\Users\\Riley\\Desktop\\Portfolio\\JoinUs\\sql.js","statementMap":{"0":{"start":{"line":2,"column":15},"end":{"line":2,"column":32}},"1":{"start":{"line":6,"column":8},"end":{"line":9,"column":9}},"2":{"start":{"line":7,"column":12},"end":{"line":7,"column":35}},"3":{"start":{"line":8,"column":12},"end":{"line":8,"column":41}},"4":{"start":{"line":13,"column":8},"end":{"line":18,"column":11}},"5":{"start":{"line":22,"column":8},"end":{"line":24,"column":9}},"6":{"start":{"line":23,"column":12},"end":{"line":23,"column":34}},"7":{"start":{"line":28,"column":8},"end":{"line":28,"column":31}},"8":{"start":{"line":32,"column":8},"end":{"line":34,"column":9}},"9":{"start":{"line":33,"column":12},"end":{"line":33,"column":37}},"10":{"start":{"line":35,"column":8},"end":{"line":35,"column":55}},"11":{"start":{"line":41,"column":0},"end":{"line":41,"column":36}},"12":{"start":{"line":43,"column":0},"end":{"line":62,"column":1}},"13":{"start":{"line":45,"column":31},"end":{"line":45,"column":57}},"14":{"start":{"line":46,"column":16},"end":{"line":46,"column":34}},"15":{"start":{"line":47,"column":4},"end":{"line":47,"column":28}},"16":{"start":{"line":49,"column":23},"end":{"line":49,"column":25}},"17":{"start":{"line":50,"column":4},"end":{"line":53,"column":5}},"18":{"start":{"line":50,"column":17},"end":{"line":50,"column":18}},"19":{"start":{"line":51,"column":27},"end":{"line":51,"column":91}},"20":{"start":{"line":52,"column":8},"end":{"line":52,"column":40}},"21":{"start":{"line":55,"column":4},"end":{"line":61,"column":3}},"22":{"start":{"line":55,"column":106},"end":{"line":55,"column":135}},"23":{"start":{"line":56,"column":4},"end":{"line":60,"column":5}},"24":{"start":{"line":57,"column":8},"end":{"line":57,"column":52}},"25":{"start":{"line":59,"column":8},"end":{"line":59,"column":60}}},"fnMap":{"0":{"name":"(anonymous_0)","decl":{"start":{"line":5,"column":4},"end":{"line":5,"column":5}},"loc":{"start":{"line":5,"column":18},"end":{"line":10,"column":5}},"line":5},"1":{"name":"(anonymous_1)","decl":{"start":{"line":12,"column":4},"end":{"line":12,"column":5}},"loc":{"start":{"line":12,"column":24},"end":{"line":19,"column":5}},"line":12},"2":{"name":"(anonymous_2)","decl":{"start":{"line":21,"column":4},"end":{"line":21,"column":5}},"loc":{"start":{"line":21,"column":22},"end":{"line":25,"column":5}},"line":21},"3":{"name":"(anonymous_3)","decl":{"start":{"line":27,"column":4},"end":{"line":27,"column":5}},"loc":{"start":{"line":27,"column":20},"end":{"line":29,"column":5}},"line":27},"4":{"name":"(anonymous_4)","decl":{"start":{"line":31,"column":4},"end":{"line":31,"column":5}},"loc":{"start":{"line":31,"column":39},"end":{"line":36,"column":5}},"line":31},"5":{"name":"(anonymous_5)","decl":{"start":{"line":55,"column":98},"end":{"line":55,"column":99}},"loc":{"start":{"line":55,"column":106},"end":{"line":55,"column":135}},"line":55},"6":{"name":"(anonymous_6)","decl":{"start":{"line":55,"column":139},"end":{"line":55,"column":140}},"loc":{"start":{"line":55,"column":162},"end":{"line":61,"column":1}},"line":55}},"branchMap":{"0":{"loc":{"start":{"line":6,"column":8},"end":{"line":9,"column":9}},"type":"if","locations":[{"start":{"line":6,"column":8},"end":{"line":9,"column":9}},{"start":{},"end":{}}],"line":6},"1":{"loc":{"start":{"line":22,"column":8},"end":{"line":24,"column":9}},"type":"if","locations":[{"start":{"line":22,"column":8},"end":{"line":24,"column":9}},{"start":{},"end":{}}],"line":22},"2":{"loc":{"start":{"line":32,"column":8},"end":{"line":34,"column":9}},"type":"if","locations":[{"start":{"line":32,"column":8},"end":{"line":34,"column":9}},{"start":{},"end":{}}],"line":32},"3":{"loc":{"start":{"line":43,"column":0},"end":{"line":62,"column":1}},"type":"if","locations":[{"start":{"line":43,"column":0},"end":{"line":62,"column":1}},{"start":{},"end":{}}],"line":43},"4":{"loc":{"start":{"line":56,"column":4},"end":{"line":60,"column":5}},"type":"if","locations":[{"start":{"line":56,"column":4},"end":{"line":60,"column":5}},{"start":{"line":58,"column":11},"end":{"line":60,"column":5}}],"line":56}},"s":{"0":1,"1":1,"2":1,"3":1,"4":1,"5":0,"6":0,"7":1,"8":2,"9":0,"10":2,"11":1,"12":1,"13":0,"14":0,"15":0,"16":0,"17":0,"18":0,"19":0,"20":0,"21":0,"22":0,"23":0,"24":0,"25":0},"f":{"0":1,"1":1,"2":0,"3":1,"4":2,"5":0,"6":0},"b":{"0":[1,0],"1":[0,0],"2":[0,2],"3":[0,1],"4":[0,0]},"_coverageSchema":"1a1c01bbd47fc00a2c39e90264f33305004495a9","hash":"d0e105e77e8927ff0853431ebd68b1746d77f16c"}
}
