TN:
SF:sql.js
FN:5,(anonymous_0)
FN:12,(anonymous_1)
FN:21,(anonymous_2)
FN:27,(anonymous_3)
FN:31,(anonymous_4)
FN:55,(anonymous_5)
FN:55,(anonymous_6)
FNF:7
FNH:4
FNDA:1,(anonymous_0)
FNDA:1,(anonymous_1)
FNDA:0,(anonymous_2)
FNDA:1,(anonymous_3)
FNDA:2,(anonymous_4)
FNDA:0,(anonymous_5)
FNDA:0,(anonymous_6)
DA:2,1
DA:6,1
DA:7,1
DA:8,1
DA:13,1
DA:22,0
DA:23,0
DA:28,1
DA:32,2
DA:33,0
DA:35,2
DA:41,1
DA:43,1
DA:45,0
DA:46,0
DA:47,0
DA:49,0
DA:50,0
DA:51,0
DA:52,0
DA:55,0
DA:56,0
DA:57,0
DA:59,0
LF:24
LH:10
BRDA:6,0,0,1
BRDA:6,0,1,0
BRDA:22,1,0,0
BRDA:22,1,1,0
BRDA:32,2,0,0
BRDA:32,2,1,2
BRDA:43,3,0,0
BRDA:43,3,1,1
BRDA:56,4,0,0
BRDA:56,4,1,0
BRF:10
BRH:3
end_of_record
